  main.cpp
C:\Program Files (x86)\Microsoft Visual Studio\2019\Community\VC\Tools\MSVC\14.28.29333\include\type_traits(1595,98): warning C4244: аргумент: преобразование "double" в "size_t", возможна потеря данных
C:\Program Files (x86)\Microsoft Visual Studio\2019\Community\VC\Tools\MSVC\14.28.29333\include\thread(39): message : выполняется компиляция ссылки на экземпляр шаблон функции "void std::invoke<void(__cdecl *)(std::string,std::string,std::vector<std::seed_seq::result_type,std::allocator<std::seed_seq::result_type>> &,size_t,size_t),std::basic_string<char,std::char_traits<char>,std::allocator<char>>,std::basic_string<char,std::char_traits<char>,std::allocator<char>>,std::reference_wrapper<std::vector<std::seed_seq::result_type,std::allocator<std::seed_seq::result_type>>>,double,double>(_Callable &&,_Ty1 &&,std::basic_string<char,std::char_traits<char>,std::allocator<char>> &&,std::reference_wrapper<std::vector<std::seed_seq::result_type,std::allocator<std::seed_seq::result_type>>> &&,double &&,double &&) noexcept(false)"
          with
          [
              _Callable=void (__cdecl *)(std::string,std::string,std::vector<std::seed_seq::result_type,std::allocator<std::seed_seq::result_type>> &,size_t,size_t),
              _Ty1=std::basic_string<char,std::char_traits<char>,std::allocator<char>>
          ]
C:\Program Files (x86)\Microsoft Visual Studio\2019\Community\VC\Tools\MSVC\14.28.29333\include\thread(49): message : выполняется компиляция ссылки на экземпляр шаблон функции "unsigned int std::thread::_Invoke<_Tuple,0,1,2,3,4,5>(void *) noexcept"
          with
          [
              _Tuple=_Tuple
          ]
C:\Program Files (x86)\Microsoft Visual Studio\2019\Community\VC\Tools\MSVC\14.28.29333\include\thread(55): message : выполняется компиляция ссылки на экземпляр шаблон функции "unsigned int (__stdcall *std::thread::_Get_invoke<_Tuple,0,1,2,3,4,5>(std::integer_sequence<size_t,0,1,2,3,4,5>) noexcept)(void *) noexcept"
C:\Users\Вадим\source\repos\8.2_4sem\8.2_4sem\main.cpp(56): message : выполняется компиляция ссылки на экземпляр шаблон функции "std::thread::thread<void(__cdecl &)(std::string,std::string,std::vector<std::seed_seq::result_type,std::allocator<std::seed_seq::result_type>> &,size_t,size_t),std::string&,std::string&,std::reference_wrapper<std::vector<std::seed_seq::result_type,std::allocator<std::seed_seq::result_type>>>,double&,double&,0>(_Fn,std::string &,std::string &,std::reference_wrapper<std::vector<std::seed_seq::result_type,std::allocator<std::seed_seq::result_type>>> &&,double &,double &)"
          with
          [
              _Fn=void (__cdecl &)(std::string,std::string,std::vector<std::seed_seq::result_type,std::allocator<std::seed_seq::result_type>> &,size_t,size_t)
          ]
  8.2_4sem.vcxproj -> C:\Users\Вадим\source\repos\8.2_4sem\Debug\8.2_4sem.exe
